{"t":{"$date":"2025-10-23T22:00:58.039+07:00"},"s":"I",  "c":"CONTROL",  "id":23285,   "ctx":"thread1","msg":"Automatically disabling TLS 1.0, to force-enable TLS 1.0 specify --sslDisabledProtocols 'none'"}
{"t":{"$date":"2025-10-23T22:00:58.040+07:00"},"s":"I",  "c":"NETWORK",  "id":4915701, "ctx":"thread1","msg":"Initialized wire specification","attr":{"spec":{"incomingExternalClient":{"minWireVersion":0,"maxWireVersion":21},"incomingInternalClient":{"minWireVersion":0,"maxWireVersion":21},"outgoing":{"minWireVersion":6,"maxWireVersion":21},"isInternalClient":true}}}
{"t":{"$date":"2025-10-23T22:00:58.041+07:00"},"s":"I",  "c":"NETWORK",  "id":4648602, "ctx":"thread1","msg":"Implicit TCP FastOpen in use."}
{"t":{"$date":"2025-10-23T22:00:58.051+07:00"},"s":"I",  "c":"REPL",     "id":5123008, "ctx":"thread1","msg":"Successfully registered PrimaryOnlyService","attr":{"service":"TenantMigrationDonorService","namespace":"config.tenantMigrationDonors"}}
{"t":{"$date":"2025-10-23T22:00:58.051+07:00"},"s":"I",  "c":"REPL",     "id":5123008, "ctx":"thread1","msg":"Successfully registered PrimaryOnlyService","attr":{"service":"TenantMigrationRecipientService","namespace":"config.tenantMigrationRecipients"}}
{"t":{"$date":"2025-10-23T22:00:58.051+07:00"},"s":"I",  "c":"CONTROL",  "id":5945603, "ctx":"thread1","msg":"Multi threading initialized"}
{"t":{"$date":"2025-10-23T22:00:58.051+07:00"},"s":"I",  "c":"TENANT_M", "id":7091600, "ctx":"thread1","msg":"Starting TenantMigrationAccessBlockerRegistry"}
{"t":{"$date":"2025-10-23T22:00:58.051+07:00"},"s":"I",  "c":"CONTROL",  "id":4615611, "ctx":"initandlisten","msg":"MongoDB starting","attr":{"pid":16546,"port":27013,"dbPath":"/Users/mac/Downloads/Tuan09/RelicaSet/node3/db","architecture":"64-bit","host":"MacBook-Pro-2.local"}}
{"t":{"$date":"2025-10-23T22:00:58.051+07:00"},"s":"I",  "c":"CONTROL",  "id":23403,   "ctx":"initandlisten","msg":"Build Info","attr":{"buildInfo":{"version":"7.0.25","gitVersion":"96dce3da49b8d2e9e0d328048cb56930eb1bdb2b","modules":[],"allocator":"system","environment":{"distarch":"aarch64","target_arch":"aarch64"}}}}
{"t":{"$date":"2025-10-23T22:00:58.051+07:00"},"s":"I",  "c":"CONTROL",  "id":51765,   "ctx":"initandlisten","msg":"Operating System","attr":{"os":{"name":"Mac OS X","version":"24.6.0"}}}
{"t":{"$date":"2025-10-23T22:00:58.051+07:00"},"s":"I",  "c":"CONTROL",  "id":21951,   "ctx":"initandlisten","msg":"Options set by command line","attr":{"options":{"config":"node3.cfg","net":{"bindIp":"0.0.0.0","port":27013},"replication":{"replSetName":"rep23703881"},"security":{"authorization":"enabled","keyFile":"/Users/mac/Downloads/Tuan09/kpi/keyfile"},"storage":{"dbPath":"/Users/mac/Downloads/Tuan09/RelicaSet/node3/db"},"systemLog":{"destination":"file","logAppend":true,"path":"/Users/mac/Downloads/Tuan09/RelicaSet/node3/log/mongod.log"}}}}
{"t":{"$date":"2025-10-23T22:00:58.051+07:00"},"s":"I",  "c":"NETWORK",  "id":5693100, "ctx":"initandlisten","msg":"Asio socket.set_option failed with std::system_error","attr":{"note":"acceptor TCP fast open","option":{"level":6,"name":261,"data":"00 04 00 00"},"error":{"what":"set_option: Invalid argument","message":"Invalid argument","category":"asio.system","value":22}}}
{"t":{"$date":"2025-10-23T22:00:58.051+07:00"},"s":"I",  "c":"STORAGE",  "id":22315,   "ctx":"initandlisten","msg":"Opening WiredTiger","attr":{"config":"create,cache_size=7680M,session_max=33000,eviction=(threads_min=4,threads_max=4),config_base=false,statistics=(fast),log=(enabled=true,remove=true,path=journal,compressor=snappy),builtin_extension_config=(zstd=(compression_level=6)),file_manager=(close_idle_time=600,close_scan_interval=10,close_handle_minimum=2000),statistics_log=(wait=0),json_output=(error,message),verbose=[recovery_progress:1,checkpoint_progress:1,compact_progress:1,backup:0,checkpoint:0,compact:0,evict:0,history_store:0,recovery:0,rts:0,salvage:0,tiered:0,timestamp:0,transaction:0,verify:0,log:0],"}}
{"t":{"$date":"2025-10-23T22:00:58.173+07:00"},"s":"I",  "c":"WTRECOV",  "id":22430,   "ctx":"initandlisten","msg":"WiredTiger message","attr":{"message":{"ts_sec":1761231658,"ts_usec":173645,"thread":"16546:0x20da0a0c0","session_name":"txn-recover","category":"WT_VERB_RECOVERY_PROGRESS","category_id":30,"verbose_level":"DEBUG_1","verbose_level_id":1,"msg":"recovery log replay has successfully finished and ran for 0 milliseconds"}}}
{"t":{"$date":"2025-10-23T22:00:58.173+07:00"},"s":"I",  "c":"WTRECOV",  "id":22430,   "ctx":"initandlisten","msg":"WiredTiger message","attr":{"message":{"ts_sec":1761231658,"ts_usec":173693,"thread":"16546:0x20da0a0c0","session_name":"txn-recover","category":"WT_VERB_RECOVERY_PROGRESS","category_id":30,"verbose_level":"DEBUG_1","verbose_level_id":1,"msg":"Set global recovery timestamp: (0, 0)"}}}
{"t":{"$date":"2025-10-23T22:00:58.173+07:00"},"s":"I",  "c":"WTRECOV",  "id":22430,   "ctx":"initandlisten","msg":"WiredTiger message","attr":{"message":{"ts_sec":1761231658,"ts_usec":173706,"thread":"16546:0x20da0a0c0","session_name":"txn-recover","category":"WT_VERB_RECOVERY_PROGRESS","category_id":30,"verbose_level":"DEBUG_1","verbose_level_id":1,"msg":"Set global oldest timestamp: (0, 0)"}}}
{"t":{"$date":"2025-10-23T22:00:58.173+07:00"},"s":"I",  "c":"WTRECOV",  "id":22430,   "ctx":"initandlisten","msg":"WiredTiger message","attr":{"message":{"ts_sec":1761231658,"ts_usec":173723,"thread":"16546:0x20da0a0c0","session_name":"txn-recover","category":"WT_VERB_RECOVERY_PROGRESS","category_id":30,"verbose_level":"DEBUG_1","verbose_level_id":1,"msg":"recovery was completed successfully and took 0ms, including 0ms for the log replay, 0ms for the rollback to stable, and 0ms for the checkpoint."}}}
{"t":{"$date":"2025-10-23T22:00:58.190+07:00"},"s":"I",  "c":"STORAGE",  "id":4795906, "ctx":"initandlisten","msg":"WiredTiger opened","attr":{"durationMillis":139}}
{"t":{"$date":"2025-10-23T22:00:58.190+07:00"},"s":"I",  "c":"RECOVERY", "id":23987,   "ctx":"initandlisten","msg":"WiredTiger recoveryTimestamp","attr":{"recoveryTimestamp":{"$timestamp":{"t":0,"i":0}}}}
{"t":{"$date":"2025-10-23T22:00:58.220+07:00"},"s":"W",  "c":"CONTROL",  "id":22184,   "ctx":"initandlisten","msg":"Soft rlimits for open file descriptors too low","attr":{"currentValue":256,"recommendedMinimum":64000},"tags":["startupWarnings"]}
{"t":{"$date":"2025-10-23T22:00:58.220+07:00"},"s":"I",  "c":"REPL",     "id":5853300, "ctx":"initandlisten","msg":"current featureCompatibilityVersion value","attr":{"featureCompatibilityVersion":"unset","context":"startup"}}
{"t":{"$date":"2025-10-23T22:00:58.220+07:00"},"s":"I",  "c":"STORAGE",  "id":5071100, "ctx":"initandlisten","msg":"Clearing temp directory"}
{"t":{"$date":"2025-10-23T22:00:58.220+07:00"},"s":"I",  "c":"CONTROL",  "id":20536,   "ctx":"initandlisten","msg":"Flow Control is enabled on this deployment"}
{"t":{"$date":"2025-10-23T22:00:58.220+07:00"},"s":"I",  "c":"FTDC",     "id":20625,   "ctx":"initandlisten","msg":"Initializing full-time diagnostic data capture","attr":{"dataDirectory":"/Users/mac/Downloads/Tuan09/RelicaSet/node3/db/diagnostic.data"}}
{"t":{"$date":"2025-10-23T22:00:58.221+07:00"},"s":"I",  "c":"REPL",     "id":40440,   "ctx":"initandlisten","msg":"Starting the TopologyVersionObserver"}
{"t":{"$date":"2025-10-23T22:00:58.221+07:00"},"s":"I",  "c":"REPL",     "id":40445,   "ctx":"TopologyVersionObserver","msg":"Started TopologyVersionObserver"}
{"t":{"$date":"2025-10-23T22:00:58.221+07:00"},"s":"I",  "c":"STORAGE",  "id":20320,   "ctx":"initandlisten","msg":"createCollection","attr":{"namespace":"local.startup_log","uuidDisposition":"generated","uuid":{"uuid":{"$uuid":"4ded6ad4-308c-4aea-b1ea-b0cf2644130f"}},"options":{"capped":true,"size":10485760}}}
{"t":{"$date":"2025-10-23T22:00:58.238+07:00"},"s":"I",  "c":"INDEX",    "id":20345,   "ctx":"initandlisten","msg":"Index build: done building","attr":{"buildUUID":null,"collectionUUID":{"uuid":{"$uuid":"4ded6ad4-308c-4aea-b1ea-b0cf2644130f"}},"namespace":"local.startup_log","index":"_id_","ident":"index-1-1871628393675427483","collectionIdent":"collection-0-1871628393675427483","commitTimestamp":null}}
{"t":{"$date":"2025-10-23T22:00:58.238+07:00"},"s":"I",  "c":"REPL",     "id":6015317, "ctx":"initandlisten","msg":"Setting new configuration state","attr":{"newState":"ConfigStartingUp","oldState":"ConfigPreStart"}}
{"t":{"$date":"2025-10-23T22:00:58.238+07:00"},"s":"I",  "c":"REPL",     "id":6005300, "ctx":"initandlisten","msg":"Starting up replica set aware services"}
{"t":{"$date":"2025-10-23T22:00:58.238+07:00"},"s":"I",  "c":"-",        "id":4939300, "ctx":"monitoring-keys-for-HMAC","msg":"Failed to refresh key cache","attr":{"error":"ReadConcernMajorityNotAvailableYet: Read concern majority reads are currently not possible.","nextWakeupMillis":200}}
{"t":{"$date":"2025-10-23T22:00:58.238+07:00"},"s":"I",  "c":"REPL",     "id":4280500, "ctx":"initandlisten","msg":"Attempting to create internal replication collections"}
{"t":{"$date":"2025-10-23T22:00:58.238+07:00"},"s":"I",  "c":"STORAGE",  "id":20320,   "ctx":"initandlisten","msg":"createCollection","attr":{"namespace":"local.replset.oplogTruncateAfterPoint","uuidDisposition":"generated","uuid":{"uuid":{"$uuid":"d7c9161d-b41b-4b0d-89df-b5024c6db181"}},"options":{}}}
{"t":{"$date":"2025-10-23T22:00:58.256+07:00"},"s":"I",  "c":"REPL",     "id":7360102, "ctx":"initandlisten","msg":"Added oplog entry for create to transaction","attr":{"namespace":"local.$cmd","uuid":{"uuid":{"$uuid":"d7c9161d-b41b-4b0d-89df-b5024c6db181"}},"object":{"create":"replset.oplogTruncateAfterPoint","idIndex":{"v":2,"key":{"_id":1},"name":"_id_"}}}}
{"t":{"$date":"2025-10-23T22:00:58.256+07:00"},"s":"I",  "c":"INDEX",    "id":20345,   "ctx":"initandlisten","msg":"Index build: done building","attr":{"buildUUID":null,"collectionUUID":{"uuid":{"$uuid":"d7c9161d-b41b-4b0d-89df-b5024c6db181"}},"namespace":"local.replset.oplogTruncateAfterPoint","index":"_id_","ident":"index-3-1871628393675427483","collectionIdent":"collection-2-1871628393675427483","commitTimestamp":null}}
{"t":{"$date":"2025-10-23T22:00:58.256+07:00"},"s":"I",  "c":"STORAGE",  "id":20320,   "ctx":"initandlisten","msg":"createCollection","attr":{"namespace":"local.replset.minvalid","uuidDisposition":"generated","uuid":{"uuid":{"$uuid":"32d06b8e-0dbf-42cc-a637-34293a670dc3"}},"options":{}}}
{"t":{"$date":"2025-10-23T22:00:58.274+07:00"},"s":"I",  "c":"REPL",     "id":7360102, "ctx":"initandlisten","msg":"Added oplog entry for create to transaction","attr":{"namespace":"local.$cmd","uuid":{"uuid":{"$uuid":"32d06b8e-0dbf-42cc-a637-34293a670dc3"}},"object":{"create":"replset.minvalid","idIndex":{"v":2,"key":{"_id":1},"name":"_id_"}}}}
{"t":{"$date":"2025-10-23T22:00:58.274+07:00"},"s":"I",  "c":"INDEX",    "id":20345,   "ctx":"initandlisten","msg":"Index build: done building","attr":{"buildUUID":null,"collectionUUID":{"uuid":{"$uuid":"32d06b8e-0dbf-42cc-a637-34293a670dc3"}},"namespace":"local.replset.minvalid","index":"_id_","ident":"index-5-1871628393675427483","collectionIdent":"collection-4-1871628393675427483","commitTimestamp":null}}
{"t":{"$date":"2025-10-23T22:00:58.274+07:00"},"s":"I",  "c":"STORAGE",  "id":20320,   "ctx":"initandlisten","msg":"createCollection","attr":{"namespace":"local.replset.election","uuidDisposition":"generated","uuid":{"uuid":{"$uuid":"5da1992f-ffcd-4d40-860a-7cd4ff94a33d"}},"options":{}}}
{"t":{"$date":"2025-10-23T22:00:58.294+07:00"},"s":"I",  "c":"REPL",     "id":7360102, "ctx":"initandlisten","msg":"Added oplog entry for create to transaction","attr":{"namespace":"local.$cmd","uuid":{"uuid":{"$uuid":"5da1992f-ffcd-4d40-860a-7cd4ff94a33d"}},"object":{"create":"replset.election","idIndex":{"v":2,"key":{"_id":1},"name":"_id_"}}}}
{"t":{"$date":"2025-10-23T22:00:58.294+07:00"},"s":"I",  "c":"INDEX",    "id":20345,   "ctx":"initandlisten","msg":"Index build: done building","attr":{"buildUUID":null,"collectionUUID":{"uuid":{"$uuid":"5da1992f-ffcd-4d40-860a-7cd4ff94a33d"}},"namespace":"local.replset.election","index":"_id_","ident":"index-7-1871628393675427483","collectionIdent":"collection-6-1871628393675427483","commitTimestamp":null}}
{"t":{"$date":"2025-10-23T22:00:58.294+07:00"},"s":"I",  "c":"REPL",     "id":4280501, "ctx":"initandlisten","msg":"Attempting to load local voted for document"}
{"t":{"$date":"2025-10-23T22:00:58.294+07:00"},"s":"I",  "c":"REPL",     "id":21311,   "ctx":"initandlisten","msg":"Did not find local initialized voted for document at startup"}
{"t":{"$date":"2025-10-23T22:00:58.294+07:00"},"s":"I",  "c":"REPL",     "id":4280502, "ctx":"initandlisten","msg":"Searching for local Rollback ID document"}
{"t":{"$date":"2025-10-23T22:00:58.294+07:00"},"s":"I",  "c":"REPL",     "id":21312,   "ctx":"initandlisten","msg":"Did not find local Rollback ID document at startup. Creating one"}
{"t":{"$date":"2025-10-23T22:00:58.295+07:00"},"s":"I",  "c":"STORAGE",  "id":20320,   "ctx":"initandlisten","msg":"createCollection","attr":{"namespace":"local.system.rollback.id","uuidDisposition":"generated","uuid":{"uuid":{"$uuid":"056be525-2e91-4b06-a90f-98e7aa9f30bc"}},"options":{}}}
{"t":{"$date":"2025-10-23T22:00:58.312+07:00"},"s":"I",  "c":"REPL",     "id":7360102, "ctx":"initandlisten","msg":"Added oplog entry for create to transaction","attr":{"namespace":"local.$cmd","uuid":{"uuid":{"$uuid":"056be525-2e91-4b06-a90f-98e7aa9f30bc"}},"object":{"create":"system.rollback.id","idIndex":{"v":2,"key":{"_id":1},"name":"_id_"}}}}
{"t":{"$date":"2025-10-23T22:00:58.312+07:00"},"s":"I",  "c":"INDEX",    "id":20345,   "ctx":"initandlisten","msg":"Index build: done building","attr":{"buildUUID":null,"collectionUUID":{"uuid":{"$uuid":"056be525-2e91-4b06-a90f-98e7aa9f30bc"}},"namespace":"local.system.rollback.id","index":"_id_","ident":"index-9-1871628393675427483","collectionIdent":"collection-8-1871628393675427483","commitTimestamp":null}}
{"t":{"$date":"2025-10-23T22:00:58.312+07:00"},"s":"I",  "c":"REPL",     "id":21531,   "ctx":"initandlisten","msg":"Initialized the rollback ID","attr":{"rbid":1}}
{"t":{"$date":"2025-10-23T22:00:58.312+07:00"},"s":"I",  "c":"REPL",     "id":21313,   "ctx":"initandlisten","msg":"Did not find local replica set configuration document at startup","attr":{"error":{"code":47,"codeName":"NoMatchingDocument","errmsg":"Did not find replica set configuration document in local.system.replset"}}}
{"t":{"$date":"2025-10-23T22:00:58.312+07:00"},"s":"I",  "c":"REPL",     "id":6015317, "ctx":"initandlisten","msg":"Setting new configuration state","attr":{"newState":"ConfigUninitialized","oldState":"ConfigStartingUp"}}
{"t":{"$date":"2025-10-23T22:00:58.312+07:00"},"s":"I",  "c":"STORAGE",  "id":20320,   "ctx":"initandlisten","msg":"createCollection","attr":{"namespace":"local.system.views","uuidDisposition":"generated","uuid":{"uuid":{"$uuid":"71656982-c553-4df4-9a27-1b068d0b9304"}},"options":{}}}
{"t":{"$date":"2025-10-23T22:00:58.336+07:00"},"s":"I",  "c":"REPL",     "id":7360102, "ctx":"initandlisten","msg":"Added oplog entry for create to transaction","attr":{"namespace":"local.$cmd","uuid":{"uuid":{"$uuid":"71656982-c553-4df4-9a27-1b068d0b9304"}},"object":{"create":"system.views","idIndex":{"v":2,"key":{"_id":1},"name":"_id_"}}}}
{"t":{"$date":"2025-10-23T22:00:58.336+07:00"},"s":"I",  "c":"INDEX",    "id":20345,   "ctx":"initandlisten","msg":"Index build: done building","attr":{"buildUUID":null,"collectionUUID":{"uuid":{"$uuid":"71656982-c553-4df4-9a27-1b068d0b9304"}},"namespace":"local.system.views","index":"_id_","ident":"index-11-1871628393675427483","collectionIdent":"collection-10-1871628393675427483","commitTimestamp":null}}
{"t":{"$date":"2025-10-23T22:00:58.337+07:00"},"s":"I",  "c":"STORAGE",  "id":22262,   "ctx":"initandlisten","msg":"Timestamp monitor starting"}
{"t":{"$date":"2025-10-23T22:00:58.337+07:00"},"s":"I",  "c":"QUERY",    "id":7080100, "ctx":"ChangeStreamExpiredPreImagesRemover","msg":"Starting Change Stream Expired Pre-images Remover thread"}
{"t":{"$date":"2025-10-23T22:00:58.337+07:00"},"s":"I",  "c":"CONTROL",  "id":20710,   "ctx":"LogicalSessionCacheRefresh","msg":"Failed to refresh session cache, will try again at the next refresh interval","attr":{"error":"NotYetInitialized: Replication has not yet been configured"}}
{"t":{"$date":"2025-10-23T22:00:58.337+07:00"},"s":"I",  "c":"NETWORK",  "id":23015,   "ctx":"listener","msg":"Listening on","attr":{"address":"/tmp/mongodb-27013.sock"}}
{"t":{"$date":"2025-10-23T22:00:58.337+07:00"},"s":"I",  "c":"NETWORK",  "id":23015,   "ctx":"listener","msg":"Listening on","attr":{"address":"0.0.0.0"}}
{"t":{"$date":"2025-10-23T22:00:58.337+07:00"},"s":"I",  "c":"CONTROL",  "id":20712,   "ctx":"LogicalSessionCacheReap","msg":"Sessions collection is not set up; waiting until next sessions reap interval","attr":{"error":"NamespaceNotFound: config.system.sessions does not exist"}}
{"t":{"$date":"2025-10-23T22:00:58.337+07:00"},"s":"I",  "c":"NETWORK",  "id":23016,   "ctx":"listener","msg":"Waiting for connections","attr":{"port":27013,"ssl":"off"}}
{"t":{"$date":"2025-10-23T22:00:58.337+07:00"},"s":"I",  "c":"CONTROL",  "id":8423403, "ctx":"initandlisten","msg":"mongod startup complete","attr":{"Summary of time elapsed":{"Startup from clean shutdown?":true,"Statistics":{"Transport layer setup":"0 ms","Run initial syncer crash recovery":"0 ms","Create storage engine lock file in the data directory":"0 ms","Get metadata describing storage engine":"0 ms","Create storage engine":"168 ms","Write current PID to file":"0 ms","Write a new metadata for storage engine":"0 ms","Initialize FCV before rebuilding indexes":"0 ms","Drop abandoned idents and get back indexes that need to be rebuilt or builds that need to be restarted":"0 ms","Rebuild indexes for collections":"0 ms","Build user and roles graph":"0 ms","Set up the background thread pool responsible for waiting for opTimes to be majority committed":"0 ms","Initialize information needed to make a mongod instance shard aware":"0 ms","Start up cluster time keys manager with a local/direct keys client":"0 ms","Start up the replication coordinator":"74 ms","Create an oplog view for tenant migrations":"24 ms","Start transport layer":"0 ms","_initAndListen total elapsed time":"286 ms"}}}}
{"t":{"$date":"2025-10-23T22:00:58.443+07:00"},"s":"I",  "c":"-",        "id":4939300, "ctx":"monitoring-keys-for-HMAC","msg":"Failed to refresh key cache","attr":{"error":"ReadConcernMajorityNotAvailableYet: Read concern majority reads are currently not possible.","nextWakeupMillis":400}}
{"t":{"$date":"2025-10-23T22:00:58.846+07:00"},"s":"I",  "c":"-",        "id":4939300, "ctx":"monitoring-keys-for-HMAC","msg":"Failed to refresh key cache","attr":{"error":"ReadConcernMajorityNotAvailableYet: Read concern majority reads are currently not possible.","nextWakeupMillis":600}}
{"t":{"$date":"2025-10-23T22:00:59.008+07:00"},"s":"W",  "c":"QUERY",    "id":23799,   "ctx":"ftdc","msg":"Aggregate command executor error","attr":{"error":{"code":26,"codeName":"NamespaceNotFound","errmsg":"Unable to retrieve storageStats in $collStats stage :: caused by :: Collection [local.oplog.rs] not found."},"stats":{},"cmd":{"aggregate":"oplog.rs","cursor":{},"pipeline":[{"$collStats":{"storageStats":{"waitForLock":false,"numericOnly":true}}}],"$db":"local"}}}
{"t":{"$date":"2025-10-23T22:00:59.451+07:00"},"s":"I",  "c":"-",        "id":4939300, "ctx":"monitoring-keys-for-HMAC","msg":"Failed to refresh key cache","attr":{"error":"ReadConcernMajorityNotAvailableYet: Read concern majority reads are currently not possible.","nextWakeupMillis":800}}
{"t":{"$date":"2025-10-23T22:01:00.003+07:00"},"s":"W",  "c":"QUERY",    "id":23799,   "ctx":"ftdc","msg":"Aggregate command executor error","attr":{"error":{"code":26,"codeName":"NamespaceNotFound","errmsg":"Unable to retrieve storageStats in $collStats stage :: caused by :: Collection [local.oplog.rs] not found."},"stats":{},"cmd":{"aggregate":"oplog.rs","cursor":{},"pipeline":[{"$collStats":{"storageStats":{"waitForLock":false,"numericOnly":true}}}],"$db":"local"}}}
{"t":{"$date":"2025-10-23T22:01:00.252+07:00"},"s":"I",  "c":"-",        "id":4939300, "ctx":"monitoring-keys-for-HMAC","msg":"Failed to refresh key cache","attr":{"error":"ReadConcernMajorityNotAvailableYet: Read concern majority reads are currently not possible.","nextWakeupMillis":1000}}
{"t":{"$date":"2025-10-23T22:01:01.003+07:00"},"s":"W",  "c":"QUERY",    "id":23799,   "ctx":"ftdc","msg":"Aggregate command executor error","attr":{"error":{"code":26,"codeName":"NamespaceNotFound","errmsg":"Unable to retrieve storageStats in $collStats stage :: caused by :: Collection [local.oplog.rs] not found."},"stats":{},"cmd":{"aggregate":"oplog.rs","cursor":{},"pipeline":[{"$collStats":{"storageStats":{"waitForLock":false,"numericOnly":true}}}],"$db":"local"}}}
{"t":{"$date":"2025-10-23T22:01:01.258+07:00"},"s":"I",  "c":"-",        "id":4939300, "ctx":"monitoring-keys-for-HMAC","msg":"Failed to refresh key cache","attr":{"error":"ReadConcernMajorityNotAvailableYet: Read concern majority reads are currently not possible.","nextWakeupMillis":1200}}
{"t":{"$date":"2025-10-23T22:01:02.006+07:00"},"s":"W",  "c":"QUERY",    "id":23799,   "ctx":"ftdc","msg":"Aggregate command executor error","attr":{"error":{"code":26,"codeName":"NamespaceNotFound","errmsg":"Unable to retrieve storageStats in $collStats stage :: caused by :: Collection [local.oplog.rs] not found."},"stats":{},"cmd":{"aggregate":"oplog.rs","cursor":{},"pipeline":[{"$collStats":{"storageStats":{"waitForLock":false,"numericOnly":true}}}],"$db":"local"}}}
{"t":{"$date":"2025-10-23T22:01:02.463+07:00"},"s":"I",  "c":"-",        "id":4939300, "ctx":"monitoring-keys-for-HMAC","msg":"Failed to refresh key cache","attr":{"error":"ReadConcernMajorityNotAvailableYet: Read concern majority reads are currently not possible.","nextWakeupMillis":1400}}
{"t":{"$date":"2025-10-23T22:01:03.006+07:00"},"s":"W",  "c":"QUERY",    "id":23799,   "ctx":"ftdc","msg":"Aggregate command executor error","attr":{"error":{"code":26,"codeName":"NamespaceNotFound","errmsg":"Unable to retrieve storageStats in $collStats stage :: caused by :: Collection [local.oplog.rs] not found."},"stats":{},"cmd":{"aggregate":"oplog.rs","cursor":{},"pipeline":[{"$collStats":{"storageStats":{"waitForLock":false,"numericOnly":true}}}],"$db":"local"}}}
{"t":{"$date":"2025-10-23T22:01:03.868+07:00"},"s":"I",  "c":"-",        "id":4939300, "ctx":"monitoring-keys-for-HMAC","msg":"Failed to refresh key cache","attr":{"error":"ReadConcernMajorityNotAvailableYet: Read concern majority reads are currently not possible.","nextWakeupMillis":1600}}
{"t":{"$date":"2025-10-23T22:01:04.006+07:00"},"s":"W",  "c":"QUERY",    "id":23799,   "ctx":"ftdc","msg":"Aggregate command executor error","attr":{"error":{"code":26,"codeName":"NamespaceNotFound","errmsg":"Unable to retrieve storageStats in $collStats stage :: caused by :: Collection [local.oplog.rs] not found."},"stats":{},"cmd":{"aggregate":"oplog.rs","cursor":{},"pipeline":[{"$collStats":{"storageStats":{"waitForLock":false,"numericOnly":true}}}],"$db":"local"}}}
{"t":{"$date":"2025-10-23T22:01:05.003+07:00"},"s":"W",  "c":"QUERY",    "id":23799,   "ctx":"ftdc","msg":"Aggregate command executor error","attr":{"error":{"code":26,"codeName":"NamespaceNotFound","errmsg":"Unable to retrieve storageStats in $collStats stage :: caused by :: Collection [local.oplog.rs] not found."},"stats":{},"cmd":{"aggregate":"oplog.rs","cursor":{},"pipeline":[{"$collStats":{"storageStats":{"waitForLock":false,"numericOnly":true}}}],"$db":"local"}}}
{"t":{"$date":"2025-10-23T22:01:05.473+07:00"},"s":"I",  "c":"-",        "id":4939300, "ctx":"monitoring-keys-for-HMAC","msg":"Failed to refresh key cache","attr":{"error":"ReadConcernMajorityNotAvailableYet: Read concern majority reads are currently not possible.","nextWakeupMillis":1800}}
{"t":{"$date":"2025-10-23T22:01:06.001+07:00"},"s":"W",  "c":"QUERY",    "id":23799,   "ctx":"ftdc","msg":"Aggregate command executor error","attr":{"error":{"code":26,"codeName":"NamespaceNotFound","errmsg":"Unable to retrieve storageStats in $collStats stage :: caused by :: Collection [local.oplog.rs] not found."},"stats":{},"cmd":{"aggregate":"oplog.rs","cursor":{},"pipeline":[{"$collStats":{"storageStats":{"waitForLock":false,"numericOnly":true}}}],"$db":"local"}}}
{"t":{"$date":"2025-10-23T22:01:07.006+07:00"},"s":"W",  "c":"QUERY",    "id":23799,   "ctx":"ftdc","msg":"Aggregate command executor error","attr":{"error":{"code":26,"codeName":"NamespaceNotFound","errmsg":"Unable to retrieve storageStats in $collStats stage :: caused by :: Collection [local.oplog.rs] not found."},"stats":{},"cmd":{"aggregate":"oplog.rs","cursor":{},"pipeline":[{"$collStats":{"storageStats":{"waitForLock":false,"numericOnly":true}}}],"$db":"local"}}}
{"t":{"$date":"2025-10-23T22:01:07.277+07:00"},"s":"I",  "c":"-",        "id":4939300, "ctx":"monitoring-keys-for-HMAC","msg":"Failed to refresh key cache","attr":{"error":"ReadConcernMajorityNotAvailableYet: Read concern majority reads are currently not possible.","nextWakeupMillis":2000}}
{"t":{"$date":"2025-10-23T22:01:08.006+07:00"},"s":"W",  "c":"QUERY",    "id":23799,   "ctx":"ftdc","msg":"Aggregate command executor error","attr":{"error":{"code":26,"codeName":"NamespaceNotFound","errmsg":"Unable to retrieve storageStats in $collStats stage :: caused by :: Collection [local.oplog.rs] not found."},"stats":{},"cmd":{"aggregate":"oplog.rs","cursor":{},"pipeline":[{"$collStats":{"storageStats":{"waitForLock":false,"numericOnly":true}}}],"$db":"local"}}}
{"t":{"$date":"2025-10-23T22:01:09.004+07:00"},"s":"W",  "c":"QUERY",    "id":23799,   "ctx":"ftdc","msg":"Aggregate command executor error","attr":{"error":{"code":26,"codeName":"NamespaceNotFound","errmsg":"Unable to retrieve storageStats in $collStats stage :: caused by :: Collection [local.oplog.rs] not found."},"stats":{},"cmd":{"aggregate":"oplog.rs","cursor":{},"pipeline":[{"$collStats":{"storageStats":{"waitForLock":false,"numericOnly":true}}}],"$db":"local"}}}
{"t":{"$date":"2025-10-23T22:01:09.279+07:00"},"s":"I",  "c":"-",        "id":4939300, "ctx":"monitoring-keys-for-HMAC","msg":"Failed to refresh key cache","attr":{"error":"ReadConcernMajorityNotAvailableYet: Read concern majority reads are currently not possible.","nextWakeupMillis":2200}}
{"t":{"$date":"2025-10-23T22:01:10.007+07:00"},"s":"W",  "c":"QUERY",    "id":23799,   "ctx":"ftdc","msg":"Aggregate command executor error","attr":{"error":{"code":26,"codeName":"NamespaceNotFound","errmsg":"Unable to retrieve storageStats in $collStats stage :: caused by :: Collection [local.oplog.rs] not found."},"stats":{},"cmd":{"aggregate":"oplog.rs","cursor":{},"pipeline":[{"$collStats":{"storageStats":{"waitForLock":false,"numericOnly":true}}}],"$db":"local"}}}
{"t":{"$date":"2025-10-23T22:01:11.003+07:00"},"s":"W",  "c":"QUERY",    "id":23799,   "ctx":"ftdc","msg":"Aggregate command executor error","attr":{"error":{"code":26,"codeName":"NamespaceNotFound","errmsg":"Unable to retrieve storageStats in $collStats stage :: caused by :: Collection [local.oplog.rs] not found."},"stats":{},"cmd":{"aggregate":"oplog.rs","cursor":{},"pipeline":[{"$collStats":{"storageStats":{"waitForLock":false,"numericOnly":true}}}],"$db":"local"}}}
{"t":{"$date":"2025-10-23T22:01:11.479+07:00"},"s":"I",  "c":"-",        "id":4939300, "ctx":"monitoring-keys-for-HMAC","msg":"Failed to refresh key cache","attr":{"error":"ReadConcernMajorityNotAvailableYet: Read concern majority reads are currently not possible.","nextWakeupMillis":2400}}
{"t":{"$date":"2025-10-23T22:01:12.002+07:00"},"s":"W",  "c":"QUERY",    "id":23799,   "ctx":"ftdc","msg":"Aggregate command executor error","attr":{"error":{"code":26,"codeName":"NamespaceNotFound","errmsg":"Unable to retrieve storageStats in $collStats stage :: caused by :: Collection [local.oplog.rs] not found."},"stats":{},"cmd":{"aggregate":"oplog.rs","cursor":{},"pipeline":[{"$collStats":{"storageStats":{"waitForLock":false,"numericOnly":true}}}],"$db":"local"}}}
{"t":{"$date":"2025-10-23T22:01:13.003+07:00"},"s":"W",  "c":"QUERY",    "id":23799,   "ctx":"ftdc","msg":"Aggregate command executor error","attr":{"error":{"code":26,"codeName":"NamespaceNotFound","errmsg":"Unable to retrieve storageStats in $collStats stage :: caused by :: Collection [local.oplog.rs] not found."},"stats":{},"cmd":{"aggregate":"oplog.rs","cursor":{},"pipeline":[{"$collStats":{"storageStats":{"waitForLock":false,"numericOnly":true}}}],"$db":"local"}}}
{"t":{"$date":"2025-10-23T22:01:13.883+07:00"},"s":"I",  "c":"-",        "id":4939300, "ctx":"monitoring-keys-for-HMAC","msg":"Failed to refresh key cache","attr":{"error":"ReadConcernMajorityNotAvailableYet: Read concern majority reads are currently not possible.","nextWakeupMillis":2600}}
{"t":{"$date":"2025-10-23T22:01:14.007+07:00"},"s":"W",  "c":"QUERY",    "id":23799,   "ctx":"ftdc","msg":"Aggregate command executor error","attr":{"error":{"code":26,"codeName":"NamespaceNotFound","errmsg":"Unable to retrieve storageStats in $collStats stage :: caused by :: Collection [local.oplog.rs] not found."},"stats":{},"cmd":{"aggregate":"oplog.rs","cursor":{},"pipeline":[{"$collStats":{"storageStats":{"waitForLock":false,"numericOnly":true}}}],"$db":"local"}}}
{"t":{"$date":"2025-10-23T22:01:15.006+07:00"},"s":"W",  "c":"QUERY",    "id":23799,   "ctx":"ftdc","msg":"Aggregate command executor error","attr":{"error":{"code":26,"codeName":"NamespaceNotFound","errmsg":"Unable to retrieve storageStats in $collStats stage :: caused by :: Collection [local.oplog.rs] not found."},"stats":{},"cmd":{"aggregate":"oplog.rs","cursor":{},"pipeline":[{"$collStats":{"storageStats":{"waitForLock":false,"numericOnly":true}}}],"$db":"local"}}}
{"t":{"$date":"2025-10-23T22:01:16.005+07:00"},"s":"W",  "c":"QUERY",    "id":23799,   "ctx":"ftdc","msg":"Aggregate command executor error","attr":{"error":{"code":26,"codeName":"NamespaceNotFound","errmsg":"Unable to retrieve storageStats in $collStats stage :: caused by :: Collection [local.oplog.rs] not found."},"stats":{},"cmd":{"aggregate":"oplog.rs","cursor":{},"pipeline":[{"$collStats":{"storageStats":{"waitForLock":false,"numericOnly":true}}}],"$db":"local"}}}
{"t":{"$date":"2025-10-23T22:01:16.488+07:00"},"s":"I",  "c":"-",        "id":4939300, "ctx":"monitoring-keys-for-HMAC","msg":"Failed to refresh key cache","attr":{"error":"ReadConcernMajorityNotAvailableYet: Read concern majority reads are currently not possible.","nextWakeupMillis":2800}}
{"t":{"$date":"2025-10-23T22:01:17.006+07:00"},"s":"W",  "c":"QUERY",    "id":23799,   "ctx":"ftdc","msg":"Aggregate command executor error","attr":{"error":{"code":26,"codeName":"NamespaceNotFound","errmsg":"Unable to retrieve storageStats in $collStats stage :: caused by :: Collection [local.oplog.rs] not found."},"stats":{},"cmd":{"aggregate":"oplog.rs","cursor":{},"pipeline":[{"$collStats":{"storageStats":{"waitForLock":false,"numericOnly":true}}}],"$db":"local"}}}
{"t":{"$date":"2025-10-23T22:01:18.003+07:00"},"s":"W",  "c":"QUERY",    "id":23799,   "ctx":"ftdc","msg":"Aggregate command executor error","attr":{"error":{"code":26,"codeName":"NamespaceNotFound","errmsg":"Unable to retrieve storageStats in $collStats stage :: caused by :: Collection [local.oplog.rs] not found."},"stats":{},"cmd":{"aggregate":"oplog.rs","cursor":{},"pipeline":[{"$collStats":{"storageStats":{"waitForLock":false,"numericOnly":true}}}],"$db":"local"}}}
{"t":{"$date":"2025-10-23T22:01:19.002+07:00"},"s":"W",  "c":"QUERY",    "id":23799,   "ctx":"ftdc","msg":"Aggregate command executor error","attr":{"error":{"code":26,"codeName":"NamespaceNotFound","errmsg":"Unable to retrieve storageStats in $collStats stage :: caused by :: Collection [local.oplog.rs] not found."},"stats":{},"cmd":{"aggregate":"oplog.rs","cursor":{},"pipeline":[{"$collStats":{"storageStats":{"waitForLock":false,"numericOnly":true}}}],"$db":"local"}}}
{"t":{"$date":"2025-10-23T22:01:19.293+07:00"},"s":"I",  "c":"-",        "id":4939300, "ctx":"monitoring-keys-for-HMAC","msg":"Failed to refresh key cache","attr":{"error":"ReadConcernMajorityNotAvailableYet: Read concern majority reads are currently not possible.","nextWakeupMillis":3000}}
{"t":{"$date":"2025-10-23T22:01:20.003+07:00"},"s":"W",  "c":"QUERY",    "id":23799,   "ctx":"ftdc","msg":"Aggregate command executor error","attr":{"error":{"code":26,"codeName":"NamespaceNotFound","errmsg":"Unable to retrieve storageStats in $collStats stage :: caused by :: Collection [local.oplog.rs] not found."},"stats":{},"cmd":{"aggregate":"oplog.rs","cursor":{},"pipeline":[{"$collStats":{"storageStats":{"waitForLock":false,"numericOnly":true}}}],"$db":"local"}}}
{"t":{"$date":"2025-10-23T22:01:21.004+07:00"},"s":"W",  "c":"QUERY",    "id":23799,   "ctx":"ftdc","msg":"Aggregate command executor error","attr":{"error":{"code":26,"codeName":"NamespaceNotFound","errmsg":"Unable to retrieve storageStats in $collStats stage :: caused by :: Collection [local.oplog.rs] not found."},"stats":{},"cmd":{"aggregate":"oplog.rs","cursor":{},"pipeline":[{"$collStats":{"storageStats":{"waitForLock":false,"numericOnly":true}}}],"$db":"local"}}}
{"t":{"$date":"2025-10-23T22:01:22.006+07:00"},"s":"W",  "c":"QUERY",    "id":23799,   "ctx":"ftdc","msg":"Aggregate command executor error","attr":{"error":{"code":26,"codeName":"NamespaceNotFound","errmsg":"Unable to retrieve storageStats in $collStats stage :: caused by :: Collection [local.oplog.rs] not found."},"stats":{},"cmd":{"aggregate":"oplog.rs","cursor":{},"pipeline":[{"$collStats":{"storageStats":{"waitForLock":false,"numericOnly":true}}}],"$db":"local"}}}
{"t":{"$date":"2025-10-23T22:01:22.298+07:00"},"s":"I",  "c":"-",        "id":4939300, "ctx":"monitoring-keys-for-HMAC","msg":"Failed to refresh key cache","attr":{"error":"ReadConcernMajorityNotAvailableYet: Read concern majority reads are currently not possible.","nextWakeupMillis":3200}}
{"t":{"$date":"2025-10-23T22:01:22.765+07:00"},"s":"I",  "c":"CONTROL",  "id":23377,   "ctx":"SignalHandler","msg":"Received signal","attr":{"signal":2,"error":"Interrupt: 2"}}
{"t":{"$date":"2025-10-23T22:01:22.765+07:00"},"s":"I",  "c":"CONTROL",  "id":23381,   "ctx":"SignalHandler","msg":"will terminate after current cmd ends"}
{"t":{"$date":"2025-10-23T22:01:22.765+07:00"},"s":"I",  "c":"REPL",     "id":4784900, "ctx":"SignalHandler","msg":"Stepping down the ReplicationCoordinator for shutdown","attr":{"waitTimeMillis":15000}}
{"t":{"$date":"2025-10-23T22:01:22.765+07:00"},"s":"I",  "c":"REPL",     "id":4794602, "ctx":"SignalHandler","msg":"Attempting to enter quiesce mode"}
{"t":{"$date":"2025-10-23T22:01:22.765+07:00"},"s":"I",  "c":"-",        "id":6371601, "ctx":"SignalHandler","msg":"Shutting down the FLE Crud thread pool"}
{"t":{"$date":"2025-10-23T22:01:22.765+07:00"},"s":"I",  "c":"ASIO",     "id":22582,   "ctx":"FLECrudNetwork","msg":"Killing all outstanding egress activity."}
{"t":{"$date":"2025-10-23T22:01:22.765+07:00"},"s":"I",  "c":"COMMAND",  "id":4784901, "ctx":"SignalHandler","msg":"Shutting down the MirrorMaestro"}
{"t":{"$date":"2025-10-23T22:01:22.765+07:00"},"s":"I",  "c":"REPL",     "id":40441,   "ctx":"SignalHandler","msg":"Stopping TopologyVersionObserver"}
{"t":{"$date":"2025-10-23T22:01:22.765+07:00"},"s":"I",  "c":"REPL",     "id":40447,   "ctx":"TopologyVersionObserver","msg":"Stopped TopologyVersionObserver"}
{"t":{"$date":"2025-10-23T22:01:22.765+07:00"},"s":"I",  "c":"ASIO",     "id":22582,   "ctx":"MirrorMaestro","msg":"Killing all outstanding egress activity."}
{"t":{"$date":"2025-10-23T22:01:22.765+07:00"},"s":"I",  "c":"SHARDING", "id":4784902, "ctx":"SignalHandler","msg":"Shutting down the WaitForMajorityService"}
{"t":{"$date":"2025-10-23T22:01:22.766+07:00"},"s":"I",  "c":"CONTROL",  "id":4784903, "ctx":"SignalHandler","msg":"Shutting down the LogicalSessionCache"}
{"t":{"$date":"2025-10-23T22:01:22.766+07:00"},"s":"I",  "c":"-",        "id":7350601, "ctx":"SignalHandler","msg":"Shutting down the QueryAnalysisSampler"}
{"t":{"$date":"2025-10-23T22:01:22.766+07:00"},"s":"I",  "c":"NETWORK",  "id":20562,   "ctx":"SignalHandler","msg":"Shutdown: going to close listening sockets"}
{"t":{"$date":"2025-10-23T22:01:22.766+07:00"},"s":"I",  "c":"NETWORK",  "id":23017,   "ctx":"listener","msg":"removing socket file","attr":{"path":"/tmp/mongodb-27013.sock"}}
{"t":{"$date":"2025-10-23T22:01:22.766+07:00"},"s":"I",  "c":"NETWORK",  "id":4784905, "ctx":"SignalHandler","msg":"Shutting down the global connection pool"}
{"t":{"$date":"2025-10-23T22:01:22.766+07:00"},"s":"I",  "c":"CONTROL",  "id":4784906, "ctx":"SignalHandler","msg":"Shutting down the FlowControlTicketholder"}
{"t":{"$date":"2025-10-23T22:01:22.766+07:00"},"s":"I",  "c":"-",        "id":20520,   "ctx":"SignalHandler","msg":"Stopping further Flow Control ticket acquisitions."}
{"t":{"$date":"2025-10-23T22:01:22.766+07:00"},"s":"I",  "c":"REPL",     "id":4784907, "ctx":"SignalHandler","msg":"Shutting down the replica set node executor"}
{"t":{"$date":"2025-10-23T22:01:22.766+07:00"},"s":"I",  "c":"ASIO",     "id":22582,   "ctx":"ReplNodeDbWorkerNetwork","msg":"Killing all outstanding egress activity."}
{"t":{"$date":"2025-10-23T22:01:22.766+07:00"},"s":"I",  "c":"CONTROL",  "id":4784908, "ctx":"SignalHandler","msg":"Shutting down the PeriodicThreadToAbortExpiredTransactions"}
{"t":{"$date":"2025-10-23T22:01:22.767+07:00"},"s":"I",  "c":"REPL",     "id":4784909, "ctx":"SignalHandler","msg":"Shutting down the ReplicationCoordinator"}
{"t":{"$date":"2025-10-23T22:01:22.767+07:00"},"s":"I",  "c":"REPL",     "id":5074000, "ctx":"SignalHandler","msg":"Shutting down the replica set aware services."}
{"t":{"$date":"2025-10-23T22:01:22.767+07:00"},"s":"I",  "c":"REPL",     "id":5123006, "ctx":"SignalHandler","msg":"Shutting down PrimaryOnlyService","attr":{"service":"TenantMigrationDonorService","numInstances":0,"numOperationContexts":0}}
{"t":{"$date":"2025-10-23T22:01:22.767+07:00"},"s":"I",  "c":"ASIO",     "id":22582,   "ctx":"TenantMigrationDonorServiceNetwork","msg":"Killing all outstanding egress activity."}
{"t":{"$date":"2025-10-23T22:01:22.767+07:00"},"s":"I",  "c":"REPL",     "id":5123006, "ctx":"SignalHandler","msg":"Shutting down PrimaryOnlyService","attr":{"service":"TenantMigrationRecipientService","numInstances":0,"numOperationContexts":0}}
{"t":{"$date":"2025-10-23T22:01:22.767+07:00"},"s":"I",  "c":"ASIO",     "id":22582,   "ctx":"TenantMigrationRecipientServiceNetwork","msg":"Killing all outstanding egress activity."}
{"t":{"$date":"2025-10-23T22:01:22.767+07:00"},"s":"I",  "c":"ASIO",     "id":22582,   "ctx":"QueryAnalysisWriterNetwork","msg":"Killing all outstanding egress activity."}
{"t":{"$date":"2025-10-23T22:01:22.767+07:00"},"s":"I",  "c":"REPL",     "id":21328,   "ctx":"SignalHandler","msg":"Shutting down replication subsystems"}
{"t":{"$date":"2025-10-23T22:01:22.767+07:00"},"s":"I",  "c":"ASIO",     "id":22582,   "ctx":"ReplNetwork","msg":"Killing all outstanding egress activity."}
{"t":{"$date":"2025-10-23T22:01:22.767+07:00"},"s":"I",  "c":"SHARDING", "id":4784910, "ctx":"SignalHandler","msg":"Shutting down the ShardingInitializationMongoD"}
{"t":{"$date":"2025-10-23T22:01:22.767+07:00"},"s":"I",  "c":"REPL",     "id":4784911, "ctx":"SignalHandler","msg":"Enqueuing the ReplicationStateTransitionLock for shutdown"}
{"t":{"$date":"2025-10-23T22:01:22.767+07:00"},"s":"I",  "c":"-",        "id":4784912, "ctx":"SignalHandler","msg":"Killing all operations for shutdown"}
{"t":{"$date":"2025-10-23T22:01:22.767+07:00"},"s":"I",  "c":"-",        "id":4695300, "ctx":"SignalHandler","msg":"Interrupted all currently running operations","attr":{"opsKilled":5}}
{"t":{"$date":"2025-10-23T22:01:22.767+07:00"},"s":"I",  "c":"TENANT_M", "id":5093807, "ctx":"SignalHandler","msg":"Shutting down all TenantMigrationAccessBlockers on global shutdown"}
{"t":{"$date":"2025-10-23T22:01:22.767+07:00"},"s":"I",  "c":"ASIO",     "id":22582,   "ctx":"TenantMigrationBlockerNet","msg":"Killing all outstanding egress activity."}
{"t":{"$date":"2025-10-23T22:01:22.767+07:00"},"s":"I",  "c":"ASIO",     "id":6529201, "ctx":"SignalHandler","msg":"Network interface redundant shutdown","attr":{"state":"Stopped"}}
{"t":{"$date":"2025-10-23T22:01:22.767+07:00"},"s":"I",  "c":"ASIO",     "id":22582,   "ctx":"SignalHandler","msg":"Killing all outstanding egress activity."}
{"t":{"$date":"2025-10-23T22:01:22.767+07:00"},"s":"I",  "c":"COMMAND",  "id":4784913, "ctx":"SignalHandler","msg":"Shutting down all open transactions"}
{"t":{"$date":"2025-10-23T22:01:22.767+07:00"},"s":"I",  "c":"REPL",     "id":4784914, "ctx":"SignalHandler","msg":"Acquiring the ReplicationStateTransitionLock for shutdown"}
{"t":{"$date":"2025-10-23T22:01:22.767+07:00"},"s":"I",  "c":"INDEX",    "id":4784915, "ctx":"SignalHandler","msg":"Shutting down the IndexBuildsCoordinator"}
{"t":{"$date":"2025-10-23T22:01:22.767+07:00"},"s":"I",  "c":"NETWORK",  "id":4784918, "ctx":"SignalHandler","msg":"Shutting down the ReplicaSetMonitor"}
{"t":{"$date":"2025-10-23T22:01:22.767+07:00"},"s":"I",  "c":"REPL",     "id":4784920, "ctx":"SignalHandler","msg":"Shutting down the LogicalTimeValidator"}
{"t":{"$date":"2025-10-23T22:01:22.767+07:00"},"s":"I",  "c":"SHARDING", "id":4784921, "ctx":"SignalHandler","msg":"Shutting down the MigrationUtilExecutor"}
{"t":{"$date":"2025-10-23T22:01:22.767+07:00"},"s":"I",  "c":"ASIO",     "id":22582,   "ctx":"MigrationUtil-TaskExecutor","msg":"Killing all outstanding egress activity."}
{"t":{"$date":"2025-10-23T22:01:22.768+07:00"},"s":"I",  "c":"COMMAND",  "id":4784923, "ctx":"SignalHandler","msg":"Shutting down the ServiceEntryPoint"}
{"t":{"$date":"2025-10-23T22:01:22.768+07:00"},"s":"I",  "c":"CONTROL",  "id":4784927, "ctx":"SignalHandler","msg":"Shutting down the HealthLog"}
{"t":{"$date":"2025-10-23T22:01:22.768+07:00"},"s":"I",  "c":"CONTROL",  "id":4784928, "ctx":"SignalHandler","msg":"Shutting down the TTL monitor"}
{"t":{"$date":"2025-10-23T22:01:22.768+07:00"},"s":"I",  "c":"INDEX",    "id":3684100, "ctx":"SignalHandler","msg":"Shutting down TTL collection monitor thread"}
{"t":{"$date":"2025-10-23T22:01:22.768+07:00"},"s":"I",  "c":"INDEX",    "id":3684101, "ctx":"SignalHandler","msg":"Finished shutting down TTL collection monitor thread"}
{"t":{"$date":"2025-10-23T22:01:22.768+07:00"},"s":"I",  "c":"CONTROL",  "id":6278511, "ctx":"SignalHandler","msg":"Shutting down the Change Stream Expired Pre-images Remover"}
{"t":{"$date":"2025-10-23T22:01:22.768+07:00"},"s":"I",  "c":"QUERY",    "id":6278515, "ctx":"SignalHandler","msg":"Shutting down Change Stream Expired Pre-images Remover thread"}
{"t":{"$date":"2025-10-23T22:01:22.768+07:00"},"s":"I",  "c":"QUERY",    "id":6278516, "ctx":"SignalHandler","msg":"Finished shutting down Change Stream Expired Pre-images Remover thread"}
{"t":{"$date":"2025-10-23T22:01:22.768+07:00"},"s":"I",  "c":"CONTROL",  "id":4784929, "ctx":"SignalHandler","msg":"Acquiring the global lock for shutdown"}
{"t":{"$date":"2025-10-23T22:01:22.768+07:00"},"s":"I",  "c":"CONTROL",  "id":4784930, "ctx":"SignalHandler","msg":"Shutting down the storage engine"}
{"t":{"$date":"2025-10-23T22:01:22.768+07:00"},"s":"I",  "c":"STORAGE",  "id":22320,   "ctx":"SignalHandler","msg":"Shutting down journal flusher thread"}
{"t":{"$date":"2025-10-23T22:01:22.768+07:00"},"s":"I",  "c":"STORAGE",  "id":22321,   "ctx":"SignalHandler","msg":"Finished shutting down journal flusher thread"}
{"t":{"$date":"2025-10-23T22:01:22.768+07:00"},"s":"I",  "c":"STORAGE",  "id":22322,   "ctx":"SignalHandler","msg":"Shutting down checkpoint thread"}
{"t":{"$date":"2025-10-23T22:01:22.768+07:00"},"s":"I",  "c":"STORAGE",  "id":22323,   "ctx":"SignalHandler","msg":"Finished shutting down checkpoint thread"}
{"t":{"$date":"2025-10-23T22:01:22.768+07:00"},"s":"I",  "c":"STORAGE",  "id":22261,   "ctx":"SignalHandler","msg":"Timestamp monitor shutting down"}
{"t":{"$date":"2025-10-23T22:01:22.768+07:00"},"s":"I",  "c":"STORAGE",  "id":20282,   "ctx":"SignalHandler","msg":"Deregistering all the collections"}
{"t":{"$date":"2025-10-23T22:01:22.768+07:00"},"s":"I",  "c":"STORAGE",  "id":22317,   "ctx":"SignalHandler","msg":"WiredTigerKVEngine shutting down"}
{"t":{"$date":"2025-10-23T22:01:22.768+07:00"},"s":"I",  "c":"STORAGE",  "id":22318,   "ctx":"SignalHandler","msg":"Shutting down session sweeper thread"}
{"t":{"$date":"2025-10-23T22:01:22.768+07:00"},"s":"I",  "c":"STORAGE",  "id":22319,   "ctx":"SignalHandler","msg":"Finished shutting down session sweeper thread"}
{"t":{"$date":"2025-10-23T22:01:22.773+07:00"},"s":"I",  "c":"STORAGE",  "id":4795902, "ctx":"SignalHandler","msg":"Closing WiredTiger","attr":{"closeConfig":"leak_memory=true,use_timestamp=false,"}}
{"t":{"$date":"2025-10-23T22:01:22.775+07:00"},"s":"I",  "c":"WTCHKPT",  "id":22430,   "ctx":"SignalHandler","msg":"WiredTiger message","attr":{"message":{"ts_sec":1761231682,"ts_usec":775145,"thread":"16546:0x16bf4f000","session_name":"close_ckpt","category":"WT_VERB_CHECKPOINT_PROGRESS","category_id":6,"verbose_level":"DEBUG_1","verbose_level_id":1,"msg":"saving checkpoint snapshot min: 55, snapshot max: 55 snapshot count: 0, oldest timestamp: (0, 0) , meta checkpoint timestamp: (0, 0) base write gen: 1"}}}
{"t":{"$date":"2025-10-23T22:01:22.847+07:00"},"s":"I",  "c":"WTRECOV",  "id":22430,   "ctx":"SignalHandler","msg":"WiredTiger message","attr":{"message":{"ts_sec":1761231682,"ts_usec":847181,"thread":"16546:0x16bf4f000","session_name":"WT_CONNECTION.close","category":"WT_VERB_RECOVERY_PROGRESS","category_id":30,"verbose_level":"DEBUG_1","verbose_level_id":1,"msg":"shutdown checkpoint has successfully finished and ran for 73 milliseconds"}}}
{"t":{"$date":"2025-10-23T22:01:22.847+07:00"},"s":"I",  "c":"WTRECOV",  "id":22430,   "ctx":"SignalHandler","msg":"WiredTiger message","attr":{"message":{"ts_sec":1761231682,"ts_usec":847796,"thread":"16546:0x16bf4f000","session_name":"WT_CONNECTION.close","category":"WT_VERB_RECOVERY_PROGRESS","category_id":30,"verbose_level":"DEBUG_1","verbose_level_id":1,"msg":"shutdown was completed successfully and took 74ms, including 0ms for the rollback to stable, and 73ms for the checkpoint."}}}
{"t":{"$date":"2025-10-23T22:01:22.868+07:00"},"s":"I",  "c":"STORAGE",  "id":4795901, "ctx":"SignalHandler","msg":"WiredTiger closed","attr":{"durationMillis":95}}
{"t":{"$date":"2025-10-23T22:01:22.868+07:00"},"s":"I",  "c":"STORAGE",  "id":22279,   "ctx":"SignalHandler","msg":"shutdown: removing fs lock..."}
{"t":{"$date":"2025-10-23T22:01:22.869+07:00"},"s":"I",  "c":"STORAGE",  "id":7474902, "ctx":"SignalHandler","msg":"Shutting down oplog cap maintainer thread"}
{"t":{"$date":"2025-10-23T22:01:23.321+07:00"},"s":"I",  "c":"STORAGE",  "id":7474901, "ctx":"SignalHandler","msg":"Finished shutting down oplog cap maintainer thread"}
{"t":{"$date":"2025-10-23T22:01:23.321+07:00"},"s":"I",  "c":"-",        "id":4784931, "ctx":"SignalHandler","msg":"Dropping the scope cache for shutdown"}
{"t":{"$date":"2025-10-23T22:01:23.321+07:00"},"s":"I",  "c":"FTDC",     "id":20626,   "ctx":"SignalHandler","msg":"Shutting down full-time diagnostic data capture"}
{"t":{"$date":"2025-10-23T22:01:23.324+07:00"},"s":"I",  "c":"CONTROL",  "id":20565,   "ctx":"SignalHandler","msg":"Now exiting"}
{"t":{"$date":"2025-10-23T22:01:23.324+07:00"},"s":"I",  "c":"CONTROL",  "id":8423404, "ctx":"SignalHandler","msg":"mongod shutdown complete","attr":{"Summary of time elapsed":{"Statistics":{"Enter terminal shutdown":"0 ms","Step down the replication coordinator for shutdown":"0 ms","Time spent in quiesce mode":"0 ms","Shut down FLE Crud subsystem":"0 ms","Shut down MirrorMaestro":"0 ms","Shut down WaitForMajorityService":"1 ms","Shut down the logical session cache":"0 ms","Shut down the Query Analysis Sampler":"0 ms","Shut down the transport layer":"0 ms","Shut down the global connection pool":"0 ms","Shut down the flow control ticket holder":"0 ms","Shut down the replica set node executor":"0 ms","Shut down the replica set aware services":"0 ms","Shut down replication":"0 ms","Shut down external state":"0 ms","Shut down replication executor":"0 ms","Join replication executor":"0 ms","Kill all operations for shutdown":"0 ms","Shut down all tenant migration access blockers on global shutdown":"0 ms","Shut down all open transactions":"0 ms","Acquire the RSTL for shutdown":"0 ms","Shut down the IndexBuildsCoordinator and wait for index builds to finish":"0 ms","Shut down the replica set monitor":"0 ms","Shut down the logical time validator":"0 ms","Shut down the migration util executor":"0 ms","Shut down the health log":"0 ms","Shut down the TTL monitor":"0 ms","Shut down expired pre-images and documents removers":"0 ms","Shut down the storage engine":"101 ms","Wait for the oplog cap maintainer thread to stop":"452 ms","Shut down full-time data capture":"0 ms","shutdownTask total elapsed time":"559 ms"}}}}
{"t":{"$date":"2025-10-23T22:01:23.325+07:00"},"s":"I",  "c":"CONTROL",  "id":23138,   "ctx":"SignalHandler","msg":"Shutting down","attr":{"exitCode":0}}
